<?xml version="1.0" encoding="UTF-8"?>
<testng-results skipped="0" failed="0" total="0" passed="0">
  <reporter-output>
  </reporter-output>
  <suite name="Cucumber BDD Suite" duration-ms="1509" started-at="2018-02-21T19:03:22Z" finished-at="2018-02-21T19:03:23Z">
    <groups>
      <group name="cucumber">
        <method signature="AbstractTestNGCucumberTests.feature(cucumber.api.testng.CucumberFeatureWrapper)[pri:0, instance:com.acn.scenarios.BatchRunner@4bec1f0c]" name="feature" class="cucumber.api.testng.AbstractTestNGCucumberTests"/>
      </group>
    </groups>
    <test name="Functional Test 1" duration-ms="1509" started-at="2018-02-21T19:03:22Z" finished-at="2018-02-21T19:03:23Z">
      <class name="com.acn.scenarios.BatchRunner">
        <test-method status="PASS" signature="setUpClass()[pri:0, instance:com.acn.scenarios.BatchRunner@4bec1f0c]" name="setUpClass" is-config="true" duration-ms="419" started-at="2018-02-21T19:03:23Z" finished-at="2018-02-21T19:03:23Z">
        </test-method>
        <test-method status="PASS" signature="tearDownClass()[pri:0, instance:com.acn.scenarios.BatchRunner@4bec1f0c]" name="tearDownClass" is-config="true" duration-ms="8" started-at="2018-02-21T19:03:23Z" finished-at="2018-02-21T19:03:23Z">
        </test-method>
      </class>
      <class name="com.acn.scenarios.SetupBrowser">
        <test-method status="PASS" signature="beforeTest(java.lang.String, java.lang.String)[pri:0, instance:com.acn.scenarios.SetupBrowser@73846619]" name="beforeTest" is-config="true" duration-ms="966" started-at="2018-02-21T19:03:22Z" finished-at="2018-02-21T19:03:23Z">
          <params>
            <param index="0">
              <value>
                <![CDATA[chrome]]>
              </value>
            </param>
            <param index="1">
              <value>
                <![CDATA[test]]>
              </value>
            </param>
          </params>
        </test-method>
        <test-method status="PASS" signature="afterTest()[pri:0, instance:com.acn.scenarios.SetupBrowser@73846619]" name="afterTest" is-config="true" duration-ms="0" started-at="2018-02-21T19:03:23Z" finished-at="2018-02-21T19:03:23Z">
        </test-method>
      </class>
    </test>
  </suite>
</testng-results>
